# JRE version: Java(TM) SE Runtime Environment (8.0_92-b14) (build 1.8.0_92-b14)
# Java VM: Java HotSpot(TM) 64-Bit Server VM (25.92-b14 mixed mode windows-amd64 compressed oops)
Heap:
 PSYoungGen      total 1005056K, used 607437K [0x000000076b580000, 0x00000007ac100000, 0x00000007c0000000)
  eden space 978432K, 62% used [0x000000076b580000,0x00000007906b34f8,0x00000007a7100000)
  from space 26624K, 0% used [0x00000007aa700000,0x00000007aa700000,0x00000007ac100000)
  to   space 38400K, 0% used [0x00000007a7600000,0x00000007a7600000,0x00000007a9b80000)
 ParOldGen       total 107520K, used 104581K [0x00000006c2000000, 0x00000006c8900000, 0x000000076b580000)
  object space 107520K, 97% used [0x00000006c2000000,0x00000006c8621478,0x00000006c8900000)
 Metaspace       used 51850K, capacity 52580K, committed 53168K, reserved 1097728K
  class space    used 6816K, capacity 6989K, committed 7088K, reserved 1048576K
GC Heap History (10 events):
Event: 33.844 GC heap before
{Heap before GC invocations=15 (full 2):
 PSYoungGen      total 1005056K, used 1004773K [0x000000076b580000, 0x00000007ac100000, 0x00000007c0000000)
  eden space 978432K, 100% used [0x000000076b580000,0x00000007a7100000,0x00000007a7100000)
  from space 26624K, 98% used [0x00000007aa700000,0x00000007ac0b9708,0x00000007ac100000)
  to   space 38400K, 0% used [0x00000007a7600000,0x00000007a7600000,0x00000007a9b80000)
 ParOldGen       total 107520K, used 58435K [0x00000006c2000000, 0x00000006c8900000, 0x000000076b580000)
  object space 107520K, 54% used [0x00000006c2000000,0x00000006c5910c98,0x00000006c8900000)
 Metaspace       used 47069K, capacity 47718K, committed 48176K, reserved 1091584K
  class space    used 6232K, capacity 6407K, committed 6448K, reserved 1048576K
Event: 33.883 GC heap after
Heap after GC invocations=15 (full 2):
 PSYoungGen      total 1016832K, used 38396K [0x000000076b580000, 0x00000007ac100000, 0x00000007c0000000)
  eden space 978432K, 0% used [0x000000076b580000,0x000000076b580000,0x00000007a7100000)
  from space 38400K, 99% used [0x00000007a7600000,0x00000007a9b7f090,0x00000007a9b80000)
  to   space 26624K, 0% used [0x00000007aa700000,0x00000007aa700000,0x00000007ac100000)
 ParOldGen       total 107520K, used 70625K [0x00000006c2000000, 0x00000006c8900000, 0x000000076b580000)
  object space 107520K, 65% used [0x00000006c2000000,0x00000006c64f87d0,0x00000006c8900000)
 Metaspace       used 47069K, capacity 47718K, committed 48176K, reserved 1091584K
  class space    used 6232K, capacity 6407K, committed 6448K, reserved 1048576K
}
Event: 38.850 GC heap before
{Heap before GC invocations=16 (full 2):
 PSYoungGen      total 1016832K, used 1016828K [0x000000076b580000, 0x00000007ac100000, 0x00000007c0000000)
  eden space 978432K, 100% used [0x000000076b580000,0x00000007a7100000,0x00000007a7100000)
  from space 38400K, 99% used [0x00000007a7600000,0x00000007a9b7f090,0x00000007a9b80000)
  to   space 26624K, 0% used [0x00000007aa700000,0x00000007aa700000,0x00000007ac100000)
 ParOldGen       total 107520K, used 70625K [0x00000006c2000000, 0x00000006c8900000, 0x000000076b580000)
  object space 107520K, 65% used [0x00000006c2000000,0x00000006c64f87d0,0x00000006c8900000)
 Metaspace       used 48332K, capacity 49028K, committed 49456K, reserved 1091584K
  class space    used 6399K, capacity 6588K, committed 6704K, reserved 1048576K
Event: 38.892 GC heap after
Heap after GC invocations=16 (full 2):
 PSYoungGen      total 1005056K, used 26601K [0x000000076b580000, 0x00000007ac100000, 0x00000007c0000000)
  eden space 978432K, 0% used [0x000000076b580000,0x000000076b580000,0x00000007a7100000)
  from space 26624K, 99% used [0x00000007aa700000,0x00000007ac0fa698,0x00000007ac100000)
  to   space 38400K, 0% used [0x00000007a7600000,0x00000007a7600000,0x00000007a9b80000)
 ParOldGen       total 107520K, used 96574K [0x00000006c2000000, 0x00000006c8900000, 0x000000076b580000)
  object space 107520K, 89% used [0x00000006c2000000,0x00000006c7e4f9f0,0x00000006c8900000)
 Metaspace       used 48332K, capacity 49028K, committed 49456K, reserved 1091584K
  class space    used 6399K, capacity 6588K, committed 6704K, reserved 1048576K
}
Event: 38.892 GC heap before
{Heap before GC invocations=17 (full 3):
 PSYoungGen      total 1005056K, used 26601K [0x000000076b580000, 0x00000007ac100000, 0x00000007c0000000)
  eden space 978432K, 0% used [0x000000076b580000,0x000000076b580000,0x00000007a7100000)
  from space 26624K, 99% used [0x00000007aa700000,0x00000007ac0fa698,0x00000007ac100000)
  to   space 38400K, 0% used [0x00000007a7600000,0x00000007a7600000,0x00000007a9b80000)
 ParOldGen       total 107520K, used 96574K [0x00000006c2000000, 0x00000006c8900000, 0x000000076b580000)
  object space 107520K, 89% used [0x00000006c2000000,0x00000006c7e4f9f0,0x00000006c8900000)
 Metaspace       used 48332K, capacity 49028K, committed 49456K, reserved 1091584K
  class space    used 6399K, capacity 6588K, committed 6704K, reserved 1048576K
Event: 39.263 GC heap after
Heap after GC invocations=17 (full 3):
 PSYoungGen      total 1005056K, used 0K [0x000000076b580000, 0x00000007ac100000, 0x00000007c0000000)
  eden space 978432K, 0% used [0x000000076b580000,0x000000076b580000,0x00000007a7100000)
  from space 26624K, 0% used [0x00000007aa700000,0x00000007aa700000,0x00000007ac100000)
  to   space 38400K, 0% used [0x00000007a7600000,0x00000007a7600000,0x00000007a9b80000)
 ParOldGen       total 107520K, used 80919K [0x00000006c2000000, 0x00000006c8900000, 0x000000076b580000)
  object space 107520K, 75% used [0x00000006c2000000,0x00000006c6f05d28,0x00000006c8900000)
 Metaspace       used 48332K, capacity 49028K, committed 49456K, reserved 1091584K
  class space    used 6399K, capacity 6588K, committed 6704K, reserved 1048576K
}
Event: 44.077 GC heap before
{Heap before GC invocations=18 (full 3):
 PSYoungGen      total 1005056K, used 978432K [0x000000076b580000, 0x00000007ac100000, 0x00000007c0000000)
  eden space 978432K, 100% used [0x000000076b580000,0x00000007a7100000,0x00000007a7100000)
  from space 26624K, 0% used [0x00000007aa700000,0x00000007aa700000,0x00000007ac100000)
  to   space 38400K, 0% used [0x00000007a7600000,0x00000007a7600000,0x00000007a9b80000)
 ParOldGen       total 107520K, used 80919K [0x00000006c2000000, 0x00000006c8900000, 0x000000076b580000)
  object space 107520K, 75% used [0x00000006c2000000,0x00000006c6f05d28,0x00000006c8900000)
 Metaspace       used 51390K, capacity 52072K, committed 52528K, reserved 1097728K
  class space    used 6732K, capacity 6914K, committed 6960K, reserved 1048576K
Event: 44.328 GC heap after
Heap after GC invocations=18 (full 3):
 PSYoungGen      total 1005056K, used 978432K [0x000000076b580000, 0x00000007ac100000, 0x00000007c0000000)
  eden space 978432K, 100% used [0x000000076b580000,0x00000007a7100000,0x00000007a7100000)
  from space 26624K, 0% used [0x00000007aa700000,0x00000007aa700000,0x00000007ac100000)
  to   space 38400K, 99% used [0x00000007a7600000,0x00000007a9b7e420,0x00000007a9b80000)
 ParOldGen       total 107520K, used 107517K [0x00000006c2000000, 0x00000006c8900000, 0x000000076b580000)
  object space 107520K, 99% used [0x00000006c2000000,0x00000006c88ff5a0,0x00000006c8900000)
 Metaspace       used 51390K, capacity 52072K, committed 52528K, reserved 1097728K
  class space    used 6732K, capacity 6914K, committed 6960K, reserved 1048576K
}
Event: 44.328 GC heap before
{Heap before GC invocations=19 (full 4):
 PSYoungGen      total 1005056K, used 978432K [0x000000076b580000, 0x00000007ac100000, 0x00000007c0000000)
  eden space 978432K, 100% used [0x000000076b580000,0x00000007a7100000,0x00000007a7100000)
  from space 26624K, 0% used [0x00000007aa700000,0x00000007aa700000,0x00000007ac100000)
  to   space 38400K, 99% used [0x00000007a7600000,0x00000007a9b7e420,0x00000007a9b80000)
 ParOldGen       total 107520K, used 107517K [0x00000006c2000000, 0x00000006c8900000, 0x000000076b580000)
  object space 107520K, 99% used [0x00000006c2000000,0x00000006c88ff5a0,0x00000006c8900000)
 Metaspace       used 51390K, capacity 52072K, committed 52528K, reserved 1097728K
  class space    used 6732K, capacity 6914K, committed 6960K, reserved 1048576K
Event: 44.523 GC heap after
Heap after GC invocations=19 (full 4):
 PSYoungGen      total 1005056K, used 0K [0x000000076b580000, 0x00000007ac100000, 0x00000007c0000000)
  eden space 978432K, 0% used [0x000000076b580000,0x000000076b580000,0x00000007a7100000)
  from space 26624K, 0% used [0x00000007aa700000,0x00000007aa700000,0x00000007ac100000)
  to   space 38400K, 0% used [0x00000007a7600000,0x00000007a7600000,0x00000007a9b80000)
 ParOldGen       total 107520K, used 104581K [0x00000006c2000000, 0x00000006c8900000, 0x000000076b580000)
  object space 107520K, 97% used [0x00000006c2000000,0x00000006c8621478,0x00000006c8900000)
 Metaspace       used 51390K, capacity 52072K, committed 52528K, reserved 1097728K
  class space    used 6732K, capacity 6914K, committed 6960K, reserved 1048576K
}

