# JRE version: Java(TM) SE Runtime Environment (8.0_92-b14) (build 1.8.0_92-b14)
# Java VM: Java HotSpot(TM) 64-Bit Server VM (25.92-b14 mixed mode windows-amd64 compressed oops)
Heap:
 PSYoungGen      total 769024K, used 635906K [0x000000076b580000, 0x00000007a4400000, 0x00000007c0000000)
  eden space 754688K, 82% used [0x000000076b580000,0x00000007914d0838,0x0000000799680000)
  from space 14336K, 97% used [0x00000007a3600000,0x00000007a43b0000,0x00000007a4400000)
  to   space 26624K, 0% used [0x00000007a1000000,0x00000007a1000000,0x00000007a2a00000)
 ParOldGen       total 199168K, used 35377K [0x00000006c2000000, 0x00000006ce280000, 0x000000076b580000)
  object space 199168K, 17% used [0x00000006c2000000,0x00000006c428c7a0,0x00000006ce280000)
 Metaspace       used 61531K, capacity 62462K, committed 62592K, reserved 1103872K
  class space    used 7569K, capacity 7765K, committed 7808K, reserved 1048576K
GC Heap History (10 events):
Event: 41.446 GC heap before
{Heap before GC invocations=17 (full 3):
 PSYoungGen      total 649728K, used 1340K [0x000000076b580000, 0x0000000795d00000, 0x00000007c0000000)
  eden space 619008K, 0% used [0x000000076b580000,0x000000076b580000,0x0000000791200000)
  from space 30720K, 4% used [0x0000000793080000,0x00000007931cf208,0x0000000794e80000)
  to   space 31232K, 0% used [0x0000000791200000,0x0000000791200000,0x0000000793080000)
 ParOldGen       total 146432K, used 47861K [0x00000006c2000000, 0x00000006caf00000, 0x000000076b580000)
  object space 146432K, 32% used [0x00000006c2000000,0x00000006c4ebd4a8,0x00000006caf00000)
 Metaspace       used 58088K, capacity 58808K, committed 59096K, reserved 1101824K
  class space    used 7381K, capacity 7524K, committed 7552K, reserved 1048576K
Event: 41.803 GC heap after
Heap after GC invocations=17 (full 3):
 PSYoungGen      total 649728K, used 0K [0x000000076b580000, 0x0000000795d00000, 0x00000007c0000000)
  eden space 619008K, 0% used [0x000000076b580000,0x000000076b580000,0x0000000791200000)
  from space 30720K, 0% used [0x0000000793080000,0x0000000793080000,0x0000000794e80000)
  to   space 31232K, 0% used [0x0000000791200000,0x0000000791200000,0x0000000793080000)
 ParOldGen       total 199168K, used 34089K [0x00000006c2000000, 0x00000006ce280000, 0x000000076b580000)
  object space 199168K, 17% used [0x00000006c2000000,0x00000006c414a6b0,0x00000006ce280000)
 Metaspace       used 58088K, capacity 58808K, committed 59096K, reserved 1101824K
  class space    used 7381K, capacity 7524K, committed 7552K, reserved 1048576K
}
Event: 518.523 GC heap before
{Heap before GC invocations=18 (full 3):
 PSYoungGen      total 649728K, used 619008K [0x000000076b580000, 0x0000000795d00000, 0x00000007c0000000)
  eden space 619008K, 100% used [0x000000076b580000,0x0000000791200000,0x0000000791200000)
  from space 30720K, 0% used [0x0000000793080000,0x0000000793080000,0x0000000794e80000)
  to   space 31232K, 0% used [0x0000000791200000,0x0000000791200000,0x0000000793080000)
 ParOldGen       total 199168K, used 34089K [0x00000006c2000000, 0x00000006ce280000, 0x000000076b580000)
  object space 199168K, 17% used [0x00000006c2000000,0x00000006c414a6b0,0x00000006ce280000)
 Metaspace       used 59980K, capacity 60928K, committed 61056K, reserved 1101824K
  class space    used 7556K, capacity 7728K, committed 7808K, reserved 1048576K
Event: 518.544 GC heap after
Heap after GC invocations=18 (full 3):
 PSYoungGen      total 650240K, used 10637K [0x000000076b580000, 0x00000007a0200000, 0x00000007c0000000)
  eden space 619008K, 0% used [0x000000076b580000,0x000000076b580000,0x0000000791200000)
  from space 31232K, 34% used [0x0000000791200000,0x0000000791c636a0,0x0000000793080000)
  to   space 30208K, 0% used [0x000000079e480000,0x000000079e480000,0x00000007a0200000)
 ParOldGen       total 199168K, used 34097K [0x00000006c2000000, 0x00000006ce280000, 0x000000076b580000)
  object space 199168K, 17% used [0x00000006c2000000,0x00000006c414c6b0,0x00000006ce280000)
 Metaspace       used 59980K, capacity 60928K, committed 61056K, reserved 1101824K
  class space    used 7556K, capacity 7728K, committed 7808K, reserved 1048576K
}
Event: 1019.357 GC heap before
{Heap before GC invocations=19 (full 3):
 PSYoungGen      total 650240K, used 629645K [0x000000076b580000, 0x00000007a0200000, 0x00000007c0000000)
  eden space 619008K, 100% used [0x000000076b580000,0x0000000791200000,0x0000000791200000)
  from space 31232K, 34% used [0x0000000791200000,0x0000000791c636a0,0x0000000793080000)
  to   space 30208K, 0% used [0x000000079e480000,0x000000079e480000,0x00000007a0200000)
 ParOldGen       total 199168K, used 34097K [0x00000006c2000000, 0x00000006ce280000, 0x000000076b580000)
  object space 199168K, 17% used [0x00000006c2000000,0x00000006c414c6b0,0x00000006ce280000)
 Metaspace       used 60479K, capacity 61382K, committed 61568K, reserved 1103872K
  class space    used 7556K, capacity 7729K, committed 7808K, reserved 1048576K
Event: 1019.378 GC heap after
Heap after GC invocations=19 (full 3):
 PSYoungGen      total 788480K, used 10240K [0x000000076b580000, 0x000000079ee80000, 0x00000007c0000000)
  eden space 778240K, 0% used [0x000000076b580000,0x000000076b580000,0x000000079ad80000)
  from space 10240K, 100% used [0x000000079e480000,0x000000079ee80000,0x000000079ee80000)
  to   space 28672K, 0% used [0x000000079b680000,0x000000079b680000,0x000000079d280000)
 ParOldGen       total 199168K, used 35361K [0x00000006c2000000, 0x00000006ce280000, 0x000000076b580000)
  object space 199168K, 17% used [0x00000006c2000000,0x00000006c42887a0,0x00000006ce280000)
 Metaspace       used 60479K, capacity 61382K, committed 61568K, reserved 1103872K
  class space    used 7556K, capacity 7729K, committed 7808K, reserved 1048576K
}
Event: 1718.704 GC heap before
{Heap before GC invocations=20 (full 3):
 PSYoungGen      total 788480K, used 788480K [0x000000076b580000, 0x000000079ee80000, 0x00000007c0000000)
  eden space 778240K, 100% used [0x000000076b580000,0x000000079ad80000,0x000000079ad80000)
  from space 10240K, 100% used [0x000000079e480000,0x000000079ee80000,0x000000079ee80000)
  to   space 28672K, 0% used [0x000000079b680000,0x000000079b680000,0x000000079d280000)
 ParOldGen       total 199168K, used 35361K [0x00000006c2000000, 0x00000006ce280000, 0x000000076b580000)
  object space 199168K, 17% used [0x00000006c2000000,0x00000006c42887a0,0x00000006ce280000)
 Metaspace       used 60997K, capacity 61976K, committed 62336K, reserved 1103872K
  class space    used 7559K, capacity 7732K, committed 7808K, reserved 1048576K
Event: 1718.740 GC heap after
Heap after GC invocations=20 (full 3):
 PSYoungGen      total 816128K, used 13440K [0x000000076b580000, 0x00000007a5100000, 0x00000007c0000000)
  eden space 787456K, 0% used [0x000000076b580000,0x000000076b580000,0x000000079b680000)
  from space 28672K, 46% used [0x000000079b680000,0x000000079c3a0000,0x000000079d280000)
  to   space 27648K, 0% used [0x00000007a3600000,0x00000007a3600000,0x00000007a5100000)
 ParOldGen       total 199168K, used 35369K [0x00000006c2000000, 0x00000006ce280000, 0x000000076b580000)
  object space 199168K, 17% used [0x00000006c2000000,0x00000006c428a7a0,0x00000006ce280000)
 Metaspace       used 60997K, capacity 61976K, committed 62336K, reserved 1103872K
  class space    used 7559K, capacity 7732K, committed 7808K, reserved 1048576K
}
Event: 2518.335 GC heap before
{Heap before GC invocations=21 (full 3):
 PSYoungGen      total 816128K, used 800896K [0x000000076b580000, 0x00000007a5100000, 0x00000007c0000000)
  eden space 787456K, 100% used [0x000000076b580000,0x000000079b680000,0x000000079b680000)
  from space 28672K, 46% used [0x000000079b680000,0x000000079c3a0000,0x000000079d280000)
  to   space 27648K, 0% used [0x00000007a3600000,0x00000007a3600000,0x00000007a5100000)
 ParOldGen       total 199168K, used 35369K [0x00000006c2000000, 0x00000006ce280000, 0x000000076b580000)
  object space 199168K, 17% used [0x00000006c2000000,0x00000006c428a7a0,0x00000006ce280000)
 Metaspace       used 61350K, capacity 62296K, committed 62592K, reserved 1103872K
  class space    used 7559K, capacity 7732K, committed 7808K, reserved 1048576K
Event: 2518.361 GC heap after
Heap after GC invocations=21 (full 3):
 PSYoungGen      total 769024K, used 14016K [0x000000076b580000, 0x00000007a4400000, 0x00000007c0000000)
  eden space 754688K, 0% used [0x000000076b580000,0x000000076b580000,0x0000000799680000)
  from space 14336K, 97% used [0x00000007a3600000,0x00000007a43b0000,0x00000007a4400000)
  to   space 26624K, 0% used [0x00000007a1000000,0x00000007a1000000,0x00000007a2a00000)
 ParOldGen       total 199168K, used 35377K [0x00000006c2000000, 0x00000006ce280000, 0x000000076b580000)
  object space 199168K, 17% used [0x00000006c2000000,0x00000006c428c7a0,0x00000006ce280000)
 Metaspace       used 61350K, capacity 62296K, committed 62592K, reserved 1103872K
  class space    used 7559K, capacity 7732K, committed 7808K, reserved 1048576K
}

